Determining if the pthread_create exist failed with the following output:
Change Dir: /home/huy/Autonomous-Landing-on-Moving-Platform/catkin_ws/build/CMakeFiles/CMakeTmp

Run Build Command:"/usr/bin/make" "cmTC_f2076/fast"
/usr/bin/make -f CMakeFiles/cmTC_f2076.dir/build.make CMakeFiles/cmTC_f2076.dir/build
make[1]: Entering directory '/home/huy/Autonomous-Landing-on-Moving-Platform/catkin_ws/build/CMakeFiles/CMakeTmp'
Building C object CMakeFiles/cmTC_f2076.dir/CheckSymbolExists.c.o
/usr/lib/ccache/cc    -o CMakeFiles/cmTC_f2076.dir/CheckSymbolExists.c.o   -c /home/huy/Autonomous-Landing-on-Moving-Platform/catkin_ws/build/CMakeFiles/CMakeTmp/CheckSymbolExists.c
Linking C executable cmTC_f2076
/usr/bin/cmake -E cmake_link_script CMakeFiles/cmTC_f2076.dir/link.txt --verbose=1
/usr/lib/ccache/cc      -rdynamic CMakeFiles/cmTC_f2076.dir/CheckSymbolExists.c.o  -o cmTC_f2076 
CMakeFiles/cmTC_f2076.dir/CheckSymbolExists.c.o: In function `main':
CheckSymbolExists.c:(.text+0x1b): undefined reference to `pthread_create'
collect2: error: ld returned 1 exit status
CMakeFiles/cmTC_f2076.dir/build.make:97: recipe for target 'cmTC_f2076' failed
make[1]: *** [cmTC_f2076] Error 1
make[1]: Leaving directory '/home/huy/Autonomous-Landing-on-Moving-Platform/catkin_ws/build/CMakeFiles/CMakeTmp'
Makefile:126: recipe for target 'cmTC_f2076/fast' failed
make: *** [cmTC_f2076/fast] Error 2

File /home/huy/Autonomous-Landing-on-Moving-Platform/catkin_ws/build/CMakeFiles/CMakeTmp/CheckSymbolExists.c:
/* */
#include <pthread.h>

int main(int argc, char** argv)
{
  (void)argv;
#ifndef pthread_create
  return ((int*)(&pthread_create))[argc];
#else
  (void)argc;
  return 0;
#endif
}

Determining if the function pthread_create exists in the pthreads failed with the following output:
Change Dir: /home/huy/Autonomous-Landing-on-Moving-Platform/catkin_ws/build/CMakeFiles/CMakeTmp

Run Build Command:"/usr/bin/make" "cmTC_6849c/fast"
/usr/bin/make -f CMakeFiles/cmTC_6849c.dir/build.make CMakeFiles/cmTC_6849c.dir/build
make[1]: Entering directory '/home/huy/Autonomous-Landing-on-Moving-Platform/catkin_ws/build/CMakeFiles/CMakeTmp'
Building C object CMakeFiles/cmTC_6849c.dir/CheckFunctionExists.c.o
/usr/lib/ccache/cc   -DCHECK_FUNCTION_EXISTS=pthread_create   -o CMakeFiles/cmTC_6849c.dir/CheckFunctionExists.c.o   -c /usr/share/cmake-3.10/Modules/CheckFunctionExists.c
Linking C executable cmTC_6849c
/usr/bin/cmake -E cmake_link_script CMakeFiles/cmTC_6849c.dir/link.txt --verbose=1
/usr/lib/ccache/cc  -DCHECK_FUNCTION_EXISTS=pthread_create    -rdynamic CMakeFiles/cmTC_6849c.dir/CheckFunctionExists.c.o  -o cmTC_6849c -lpthreads 
/usr/bin/ld: cannot find -lpthreads
collect2: error: ld returned 1 exit status
CMakeFiles/cmTC_6849c.dir/build.make:97: recipe for target 'cmTC_6849c' failed
make[1]: *** [cmTC_6849c] Error 1
make[1]: Leaving directory '/home/huy/Autonomous-Landing-on-Moving-Platform/catkin_ws/build/CMakeFiles/CMakeTmp'
Makefile:126: recipe for target 'cmTC_6849c/fast' failed
make: *** [cmTC_6849c/fast] Error 2


