Symlinking /home/mercedes-benz-s-500/Desktop/botello/botello_ws/devel/include/tello_driver/TelloConfig.h
Symlinking /home/mercedes-benz-s-500/Desktop/botello/botello_ws/devel/include/tello_driver/TelloStatus.h
Symlinking /home/mercedes-benz-s-500/Desktop/botello/botello_ws/devel/share/tello_driver/cmake/tello_driver-msg-extras.cmake
Symlinking /home/mercedes-benz-s-500/Desktop/botello/botello_ws/devel/share/tello_driver/cmake/tello_driverConfig.cmake
Symlinking /home/mercedes-benz-s-500/Desktop/botello/botello_ws/devel/share/tello_driver/cmake/tello_driver-msg-paths.cmake
Symlinking /home/mercedes-benz-s-500/Desktop/botello/botello_ws/devel/share/tello_driver/cmake/tello_driverConfig-version.cmake
Symlinking /home/mercedes-benz-s-500/Desktop/botello/botello_ws/devel/share/tello_driver/docs/TelloConfig.dox
Symlinking /home/mercedes-benz-s-500/Desktop/botello/botello_ws/devel/share/tello_driver/docs/TelloConfig.wikidoc
Symlinking /home/mercedes-benz-s-500/Desktop/botello/botello_ws/devel/share/tello_driver/docs/TelloConfig-usage.dox
Symlinking /home/mercedes-benz-s-500/Desktop/botello/botello_ws/devel/share/common-lisp/ros/tello_driver/msg/TelloStatus.lisp
Symlinking /home/mercedes-benz-s-500/Desktop/botello/botello_ws/devel/share/common-lisp/ros/tello_driver/msg/tello_driver-msg.asd
Symlinking /home/mercedes-benz-s-500/Desktop/botello/botello_ws/devel/share/common-lisp/ros/tello_driver/msg/_package_TelloStatus.lisp
Symlinking /home/mercedes-benz-s-500/Desktop/botello/botello_ws/devel/share/common-lisp/ros/tello_driver/msg/_package.lisp
Symlinking /home/mercedes-benz-s-500/Desktop/botello/botello_ws/devel/share/roseus/ros/tello_driver/manifest.l
Symlinking /home/mercedes-benz-s-500/Desktop/botello/botello_ws/devel/share/roseus/ros/tello_driver/msg/TelloStatus.l
Symlinking /home/mercedes-benz-s-500/Desktop/botello/botello_ws/devel/share/gennodejs/ros/tello_driver/_index.js
Symlinking /home/mercedes-benz-s-500/Desktop/botello/botello_ws/devel/share/gennodejs/ros/tello_driver/msg/TelloStatus.js
Symlinking /home/mercedes-benz-s-500/Desktop/botello/botello_ws/devel/share/gennodejs/ros/tello_driver/msg/_index.js
Symlinking /home/mercedes-benz-s-500/Desktop/botello/botello_ws/devel/lib/pkgconfig/tello_driver.pc
Symlinking /home/mercedes-benz-s-500/Desktop/botello/botello_ws/devel/lib/python2.7/dist-packages/tello_driver/__init__.py
Symlinking /home/mercedes-benz-s-500/Desktop/botello/botello_ws/devel/lib/python2.7/dist-packages/tello_driver/cfg/TelloConfig.py
Symlinking /home/mercedes-benz-s-500/Desktop/botello/botello_ws/devel/lib/python2.7/dist-packages/tello_driver/cfg/__init__.py
Symlinking /home/mercedes-benz-s-500/Desktop/botello/botello_ws/devel/lib/python2.7/dist-packages/tello_driver/msg/_TelloStatus.py
Symlinking /home/mercedes-benz-s-500/Desktop/botello/botello_ws/devel/lib/python2.7/dist-packages/tello_driver/msg/__init__.py
Symlinking /home/mercedes-benz-s-500/Desktop/botello/botello_ws/devel/lib/python2.7/dist-packages/tellopy/__init__.py
