Determining if the pthread_create exist failed with the following output:
Change Dir: /home/huy/Autonomous-Landing-on-Moving-Platform/pablo_uav_system_ws/build/CMakeFiles/CMakeTmp

Run Build Command:"/usr/bin/make" "cmTC_cf37a/fast"
/usr/bin/make -f CMakeFiles/cmTC_cf37a.dir/build.make CMakeFiles/cmTC_cf37a.dir/build
make[1]: Entering directory '/home/huy/Autonomous-Landing-on-Moving-Platform/pablo_uav_system_ws/build/CMakeFiles/CMakeTmp'
Building C object CMakeFiles/cmTC_cf37a.dir/CheckSymbolExists.c.o
/usr/bin/cc     -o CMakeFiles/cmTC_cf37a.dir/CheckSymbolExists.c.o   -c /home/huy/Autonomous-Landing-on-Moving-Platform/pablo_uav_system_ws/build/CMakeFiles/CMakeTmp/CheckSymbolExists.c
Linking C executable cmTC_cf37a
/usr/bin/cmake -E cmake_link_script CMakeFiles/cmTC_cf37a.dir/link.txt --verbose=1
/usr/bin/cc       CMakeFiles/cmTC_cf37a.dir/CheckSymbolExists.c.o  -o cmTC_cf37a -rdynamic 
CMakeFiles/cmTC_cf37a.dir/CheckSymbolExists.c.o: In function `main':
CheckSymbolExists.c:(.text+0x16): undefined reference to `pthread_create'
collect2: error: ld returned 1 exit status
CMakeFiles/cmTC_cf37a.dir/build.make:97: recipe for target 'cmTC_cf37a' failed
make[1]: *** [cmTC_cf37a] Error 1
make[1]: Leaving directory '/home/huy/Autonomous-Landing-on-Moving-Platform/pablo_uav_system_ws/build/CMakeFiles/CMakeTmp'
Makefile:126: recipe for target 'cmTC_cf37a/fast' failed
make: *** [cmTC_cf37a/fast] Error 2

File /home/huy/Autonomous-Landing-on-Moving-Platform/pablo_uav_system_ws/build/CMakeFiles/CMakeTmp/CheckSymbolExists.c:
/* */
#include <pthread.h>

int main(int argc, char** argv)
{
  (void)argv;
#ifndef pthread_create
  return ((int*)(&pthread_create))[argc];
#else
  (void)argc;
  return 0;
#endif
}

Determining if the function pthread_create exists in the pthreads failed with the following output:
Change Dir: /home/huy/Autonomous-Landing-on-Moving-Platform/pablo_uav_system_ws/build/CMakeFiles/CMakeTmp

Run Build Command:"/usr/bin/make" "cmTC_845aa/fast"
/usr/bin/make -f CMakeFiles/cmTC_845aa.dir/build.make CMakeFiles/cmTC_845aa.dir/build
make[1]: Entering directory '/home/huy/Autonomous-Landing-on-Moving-Platform/pablo_uav_system_ws/build/CMakeFiles/CMakeTmp'
Building C object CMakeFiles/cmTC_845aa.dir/CheckFunctionExists.c.o
/usr/bin/cc    -DCHECK_FUNCTION_EXISTS=pthread_create   -o CMakeFiles/cmTC_845aa.dir/CheckFunctionExists.c.o   -c /usr/share/cmake-3.5/Modules/CheckFunctionExists.c
Linking C executable cmTC_845aa
/usr/bin/cmake -E cmake_link_script CMakeFiles/cmTC_845aa.dir/link.txt --verbose=1
/usr/bin/cc   -DCHECK_FUNCTION_EXISTS=pthread_create    CMakeFiles/cmTC_845aa.dir/CheckFunctionExists.c.o  -o cmTC_845aa -rdynamic -lpthreads 
/usr/bin/ld: cannot find -lpthreads
collect2: error: ld returned 1 exit status
CMakeFiles/cmTC_845aa.dir/build.make:97: recipe for target 'cmTC_845aa' failed
make[1]: *** [cmTC_845aa] Error 1
make[1]: Leaving directory '/home/huy/Autonomous-Landing-on-Moving-Platform/pablo_uav_system_ws/build/CMakeFiles/CMakeTmp'
Makefile:126: recipe for target 'cmTC_845aa/fast' failed
make: *** [cmTC_845aa/fast] Error 2


